<?xml version="1.0" encoding="utf-8"?><testsuites name="pytest tests"><testsuite name="pytest" errors="0" failures="0" skipped="0" tests="29" time="4.937" timestamp="2026-04-15T15:03:25.101472+00:00" hostname="agent-env-ad1c8d98-ce3d-4c58-a543-c5ef628efd78"><testcase classname="tests.test_api_endpoints.TestHomeEndpoint" name="test_home_returns_200" time="0.294" /><testcase classname="tests.test_api_endpoints.TestHomeEndpoint" name="test_home_has_required_fields" time="0.170" /><testcase classname="tests.test_api_endpoints.TestHomeEndpoint" name="test_home_smart_widget_structure" time="0.158" /><testcase classname="tests.test_api_endpoints.TestDoctorsEndpoint" name="test_get_all_doctors" time="0.201" /><testcase classname="tests.test_api_endpoints.TestDoctorsEndpoint" name="test_doctor_has_required_fields" time="0.118" /><testcase classname="tests.test_api_endpoints.TestDoctorsEndpoint" name="test_search_doctors_by_name" time="0.119" /><testcase classname="tests.test_api_endpoints.TestDoctorsEndpoint" name="test_get_doctor_by_id" time="0.195" /><testcase classname="tests.test_api_endpoints.TestDoctorsEndpoint" name="test_get_nonexistent_doctor" time="0.176" /><testcase classname="tests.test_api_endpoints.TestAppointmentsEndpoint" name="test_get_all_appointments" time="0.209" /><testcase classname="tests.test_api_endpoints.TestAppointmentsEndpoint" name="test_get_upcoming_appointments" time="0.129" /><testcase classname="tests.test_api_endpoints.TestAppointmentsEndpoint" name="test_get_past_appointments" time="0.106" /><testcase classname="tests.test_api_endpoints.TestAppointmentsEndpoint" name="test_create_appointment_and_verify" time="0.280" /><testcase classname="tests.test_api_endpoints.TestAppointmentsEndpoint" name="test_get_appointment_by_id" time="0.177" /><testcase classname="tests.test_api_endpoints.TestAppointmentsEndpoint" name="test_cancel_appointment" time="0.243" /><testcase classname="tests.test_api_endpoints.TestProfileEndpoint" name="test_get_profile" time="0.114" /><testcase classname="tests.test_api_endpoints.TestProfileEndpoint" name="test_update_profile_and_verify" time="0.259" /><testcase classname="tests.test_api_endpoints.TestPrescriptionsEndpoint" name="test_get_all_prescriptions" time="0.111" /><testcase classname="tests.test_api_endpoints.TestPrescriptionsEndpoint" name="test_prescription_structure" time="0.158" /><testcase classname="tests.test_api_endpoints.TestPrescriptionsEndpoint" name="test_get_prescription_by_id" time="0.165" /><testcase classname="tests.test_api_endpoints.TestPrescriptionsEndpoint" name="test_get_nonexistent_prescription" time="0.194" /><testcase classname="tests.test_api_endpoints.TestDocumentsEndpoint" name="test_get_all_documents" time="0.154" /><testcase classname="tests.test_api_endpoints.TestDocumentsEndpoint" name="test_document_structure" time="0.129" /><testcase classname="tests.test_api_endpoints.TestDocumentsEndpoint" name="test_get_document_by_id" time="0.221" /><testcase classname="tests.test_api_endpoints.TestDocumentsEndpoint" name="test_get_nonexistent_document" time="0.110" /><testcase classname="tests.test_api_endpoints.TestSignatureDocumentsEndpoint" name="test_get_all_signature_documents" time="0.126" /><testcase classname="tests.test_api_endpoints.TestSignatureDocumentsEndpoint" name="test_signature_document_structure" time="0.132" /><testcase classname="tests.test_api_endpoints.TestSignatureDocumentsEndpoint" name="test_sign_document_and_verify" time="0.202" /><testcase classname="tests.test_api_endpoints.TestPromotionsEndpoint" name="test_get_promotions" time="0.107" /><testcase classname="tests.test_api_endpoints.TestPromotionsEndpoint" name="test_promotion_structure" time="0.105" /></testsuite></testsuites>